c:\users\jan\onedrive\vsb\fei\pg1\pg1\zpg_pg1\zpg\x64\debug\pg1.pch
c:\users\jan\onedrive\vsb\fei\pg1\pg1\zpg_pg1\zpg\x64\debug\vc140.pdb
c:\users\jan\onedrive\vsb\fei\pg1\pg1\zpg_pg1\zpg\x64\debug\stdafx.obj
c:\users\jan\onedrive\vsb\fei\pg1\pg1\zpg_pg1\zpg\x64\debug\cubemap.obj
c:\users\jan\onedrive\vsb\fei\pg1\pg1\zpg_pg1\zpg\x64\debug\vector4.obj
c:\users\jan\onedrive\vsb\fei\pg1\pg1\zpg_pg1\zpg\x64\debug\vector3.obj
c:\users\jan\onedrive\vsb\fei\pg1\pg1\zpg_pg1\zpg\x64\debug\ray.obj
c:\users\jan\onedrive\vsb\fei\pg1\pg1\zpg_pg1\zpg\x64\debug\triangle.obj
c:\users\jan\onedrive\vsb\fei\pg1\pg1\zpg_pg1\zpg\x64\debug\vertex.obj
c:\users\jan\onedrive\vsb\fei\pg1\pg1\zpg_pg1\zpg\x64\debug\utils.obj
c:\users\jan\onedrive\vsb\fei\pg1\pg1\zpg_pg1\zpg\x64\debug\matrix4x4.obj
c:\users\jan\onedrive\vsb\fei\pg1\pg1\zpg_pg1\zpg\x64\debug\vector2.obj
c:\users\jan\onedrive\vsb\fei\pg1\pg1\zpg_pg1\zpg\x64\debug\omnilight.obj
c:\users\jan\onedrive\vsb\fei\pg1\pg1\zpg_pg1\zpg\x64\debug\surface.obj
c:\users\jan\onedrive\vsb\fei\pg1\pg1\zpg_pg1\zpg\x64\debug\camera.obj
c:\users\jan\onedrive\vsb\fei\pg1\pg1\zpg_pg1\zpg\x64\debug\color4.obj
c:\users\jan\onedrive\vsb\fei\pg1\pg1\zpg_pg1\zpg\x64\debug\quaternion.obj
c:\users\jan\onedrive\vsb\fei\pg1\pg1\zpg_pg1\zpg\x64\debug\material.obj
c:\users\jan\onedrive\vsb\fei\pg1\pg1\zpg_pg1\zpg\x64\debug\texture.obj
c:\users\jan\onedrive\vsb\fei\pg1\pg1\zpg_pg1\zpg\x64\debug\objloader.obj
c:\users\jan\onedrive\vsb\fei\pg1\pg1\zpg_pg1\zpg\x64\debug\pg1.tlog\cl.command.1.tlog
c:\users\jan\onedrive\vsb\fei\pg1\pg1\zpg_pg1\zpg\x64\debug\pg1.tlog\cl.read.1.tlog
c:\users\jan\onedrive\vsb\fei\pg1\pg1\zpg_pg1\zpg\x64\debug\pg1.tlog\cl.write.1.tlog
